INFO - 2024-02-08 22:59:50,120 - Fichier CSV ouvert
INFO - 2024-02-08 22:59:52,669 - Fichier CSV ouvert
INFO - 2024-02-08 23:00:51,304 - Fichier CSV ouvert
INFO - 2024-02-08 23:00:52,631 - Fichier CSV ouvert
INFO - 2024-02-08 23:06:14,967 - Fichier, data.csv ouvert
INFO - 2024-02-08 23:08:11,829 - Fichier, data.csv ouvert
INFO - 2024-02-09 20:55:23,905 - Fichier, data.csv ouvert
INFO - 2024-02-10 10:12:40,315 - Fichier, data.csv ouvert
INFO - 2024-02-10 10:13:40,679 - Fichier, data.csv ouvert
INFO - 2024-02-10 10:15:14,107 - Fichier, data.csv ouvert
INFO - 2024-02-10 10:16:12,319 - Fichier, data.csv ouvert
INFO - 2024-02-10 10:17:19,879 - Fichier, data.csv ouvert
INFO - 2024-02-10 10:17:30,584 - ['BOB'] écrit dans test.csv
INFO - 2024-02-10 10:18:47,140 - Fichier, data.csv ouvert
INFO - 2024-02-10 10:20:06,404 - Fichier, data.csv ouvert
INFO - 2024-02-10 10:20:24,771 - ['BIOU', 'bob', '12/28/3002'] écrit dans test.csv
INFO - 2024-02-10 10:20:58,668 - ['BIBOU', 'BOB', '20/13/2003'] écrit dans test.csv
INFO - 2024-02-10 10:21:05,141 - Fichier, data.csv ouvert
INFO - 2024-02-10 10:21:17,245 - ['BIBOU', 'BOB', '120/12/1324'] écrit dans test.csv
INFO - 2024-02-10 10:22:01,934 - ['BIOUB', 'BOB', '1992/13/13'] écrit dans test.csv
INFO - 2024-02-10 10:22:31,641 - ['BIOUB', 'BOB', '1992/13/13'] écrit dans test.csv
INFO - 2024-02-10 10:23:48,663 - Fichier, data.csv ouvert
INFO - 2024-02-10 10:23:56,467 - Fichier, data.csv ouvert
INFO - 2024-02-10 10:24:10,895 - ['BOBIOU', 'BOB', '134/13/3033'] écrit dans test.csv
INFO - 2024-02-10 10:24:28,849 - ['BBOLLOS', 'MICELE', '134/1/411'] écrit dans test.csv
